<?xml version="1.0" encoding="UTF-8" ?>
<testsuite tests="58" failures="0" name="RunCukeTest" time="18.892" errors="0" skipped="0">
  <properties>
[...]
</properties>
  <testcase classname="Scenario: check employeelist employee" name="Given navigate to &quot;http://test.hff.erp.ukkoteknik.com/hff/#/common/login&quot;" time="0.012"/>
  <testcase classname="Scenario: check employeelist employee" name="Then login with valid credentials" time="0.001"/>
  <testcase classname="Scenario: check employeelist employee" name="Then click on employee" time="0"/>
  <testcase classname="Scenario: check employeelist employee" name="And check employee name is employee list" time="0"/>
  <testcase classname="Scenario: check employeelist employee" name="Scenario: check employeelist employee" time="2.839"/>
  <testcase classname="Scenario: check search functionlality" name="Given navigate to &quot;http://test.hff.erp.ukkoteknik.com/hff/#/common/login&quot;" time="0"/>
  <testcase classname="Scenario: check search functionlality" name="Then login with valid credentials" time="0"/>
  <testcase classname="Scenario: check search functionlality" name="Then click on employee" time="0"/>
  <testcase classname="Scenario: check search functionlality" name="And enter the data in search and check whether the data is reflecting or not" time="0"/>
  <testcase classname="Scenario: check search functionlality" name="Scenario: check search functionlality" time="2.209"/>
  <testcase classname="Scenario: check view functionlality" name="Given navigate to &quot;http://test.hff.erp.ukkoteknik.com/hff/#/common/login&quot;" time="0"/>
  <testcase classname="Scenario: check view functionlality" name="Then login with valid credentials" time="0"/>
  <testcase classname="Scenario: check view functionlality" name="Then click on employee" time="0"/>
  <testcase classname="Scenario: check view functionlality" name="And click view then check the details" time="0"/>
  <testcase classname="Scenario: check view functionlality" name="Scenario: check view functionlality" time="1.927"/>
  <testcase classname="Scenario: Open login page and do logout" name="Given navigate to &quot;http://test.hff.erp.ukkoteknik.com/hff/#/common/login&quot;" time="0"/>
  <testcase classname="Scenario: Open login page and do logout" name="Then enter userid with &quot;accounts&quot;" time="0"/>
  <testcase classname="Scenario: Open login page and do logout" name="Then enter password with &quot;8f5@INV&quot;" time="0"/>
  <testcase classname="Scenario: Open login page and do logout" name="And click on login button" time="0"/>
  <testcase classname="Scenario: Open login page and do logout" name="Then click on profile" time="0.001"/>
  <testcase classname="Scenario: Open login page and do logout" name="Then click on logout" time="0"/>
  <testcase classname="Scenario: Open login page and do logout" name="Scenario: Open login page and do logout" time="1.618"/>
  <testcase classname="|  |  | blank |" name="Given navigate to &quot;http://test.hff.erp.ukkoteknik.com/hff/#/common/login&quot;" time="0"/>
  <testcase classname="|  |  | blank |" name="Then enter userid with &quot;&quot;" time="0"/>
  <testcase classname="|  |  | blank |" name="Then enter password with &quot;&quot;" time="0"/>
  <testcase classname="|  |  | blank |" name="And click on login button" time="0.001"/>
  <testcase classname="|  |  | blank |" name="Then validate userid and password fields with &quot;blank&quot;" time="0"/>
  <testcase classname="|  |  | blank |" name="|  |  | blank |" time="1.719"/>
  <testcase classname="| accounts |  | blankpwd |" name="Given navigate to &quot;http://test.hff.erp.ukkoteknik.com/hff/#/common/login&quot;" time="0"/>
  <testcase classname="| accounts |  | blankpwd |" name="Then enter userid with &quot;accounts&quot;" time="0"/>
  <testcase classname="| accounts |  | blankpwd |" name="Then enter password with &quot;&quot;" time="0.001"/>
  <testcase classname="| accounts |  | blankpwd |" name="And click on login button" time="0"/>
  <testcase classname="| accounts |  | blankpwd |" name="Then validate userid and password fields with &quot;blankpwd&quot;" time="0"/>
  <testcase classname="| accounts |  | blankpwd |" name="| accounts |  | blankpwd |" time="1.675"/>
  <testcase classname="|  | 8f5@INV | blankuserid |" name="Given navigate to &quot;http://test.hff.erp.ukkoteknik.com/hff/#/common/login&quot;" time="0"/>
  <testcase classname="|  | 8f5@INV | blankuserid |" name="Then enter userid with &quot;&quot;" time="0"/>
  <testcase classname="|  | 8f5@INV | blankuserid |" name="Then enter password with &quot;8f5@INV&quot;" time="0"/>
  <testcase classname="|  | 8f5@INV | blankuserid |" name="And click on login button" time="0"/>
  <testcase classname="|  | 8f5@INV | blankuserid |" name="Then validate userid and password fields with &quot;blankuserid&quot;" time="0.001"/>
  <testcase classname="|  | 8f5@INV | blankuserid |" name="|  | 8f5@INV | blankuserid |" time="1.751"/>
  <testcase classname="| accounts | 8f5@INW | invalidpwd |" name="Given navigate to &quot;http://test.hff.erp.ukkoteknik.com/hff/#/common/login&quot;" time="0"/>
  <testcase classname="| accounts | 8f5@INW | invalidpwd |" name="Then enter userid with &quot;accounts&quot;" time="0.001"/>
  <testcase classname="| accounts | 8f5@INW | invalidpwd |" name="Then enter password with &quot;8f5@INW&quot;" time="0"/>
  <testcase classname="| accounts | 8f5@INW | invalidpwd |" name="And click on login button" time="0"/>
  <testcase classname="| accounts | 8f5@INW | invalidpwd |" name="Then validate userid and password fields with &quot;invalidpwd&quot;" time="0"/>
  <testcase classname="| accounts | 8f5@INW | invalidpwd |" name="| accounts | 8f5@INW | invalidpwd |" time="1.687"/>
  <testcase classname="| account | 8f5@INV | invaliduserid |" name="Given navigate to &quot;http://test.hff.erp.ukkoteknik.com/hff/#/common/login&quot;" time="0"/>
  <testcase classname="| account | 8f5@INV | invaliduserid |" name="Then enter userid with &quot;account&quot;" time="0"/>
  <testcase classname="| account | 8f5@INV | invaliduserid |" name="Then enter password with &quot;8f5@INV&quot;" time="0"/>
  <testcase classname="| account | 8f5@INV | invaliduserid |" name="And click on login button" time="0"/>
  <testcase classname="| account | 8f5@INV | invaliduserid |" name="Then validate userid and password fields with &quot;invaliduserid&quot;" time="0"/>
  <testcase classname="| account | 8f5@INV | invaliduserid |" name="| account | 8f5@INV | invaliduserid |" time="1.799"/>
  <testcase classname="| accounts | 8f5@INV | valid |" name="Given navigate to &quot;http://test.hff.erp.ukkoteknik.com/hff/#/common/login&quot;" time="0"/>
  <testcase classname="| accounts | 8f5@INV | valid |" name="Then enter userid with &quot;accounts&quot;" time="0"/>
  <testcase classname="| accounts | 8f5@INV | valid |" name="Then enter password with &quot;8f5@INV&quot;" time="0"/>
  <testcase classname="| accounts | 8f5@INV | valid |" name="And click on login button" time="0"/>
  <testcase classname="| accounts | 8f5@INV | valid |" name="Then validate userid and password fields with &quot;valid&quot;" time="0.001"/>
  <testcase classname="| accounts | 8f5@INV | valid |" name="| accounts | 8f5@INV | valid |" time="1.649"/>
</testsuite>